# JRE version: OpenJDK Runtime Environment (11.0.8+10) (build 11.0.8+10-b944.6842174)
# Java VM: OpenJDK 64-Bit Server VM (11.0.8+10-b944.6842174, mixed mode, tiered, compressed oops, g1 gc, windows-amd64)
Heap:
 garbage-first heap   total 516096K, used 164131K [0x0000000080000000, 0x0000000100000000)
  region size 1024K, 2 young (2048K), 2 survivors (2048K)
 Metaspace       used 131451K, capacity 134408K, committed 134528K, reserved 1167360K
  class space    used 16154K, capacity 17247K, committed 17280K, reserved 1048576K
GC Heap History (20 events):
Event: 9724.312 GC heap after
{Heap after GC invocations=102 (full 0):
 garbage-first heap   total 257024K, used 124422K [0x0000000080000000, 0x0000000100000000)
  region size 1024K, 5 young (5120K), 5 survivors (5120K)
 Metaspace       used 118628K, capacity 121194K, committed 121344K, reserved 1155072K
  class space    used 14672K, capacity 15574K, committed 15616K, reserved 1048576K
}
Event: 9726.009 GC heap before
{Heap before GC invocations=103 (full 0):
 garbage-first heap   total 257024K, used 179718K [0x0000000080000000, 0x0000000100000000)
  region size 1024K, 45 young (46080K), 5 survivors (5120K)
 Metaspace       used 120361K, capacity 122966K, committed 123008K, reserved 1157120K
  class space    used 14793K, capacity 15721K, committed 15744K, reserved 1048576K
}
Event: 9726.147 GC heap after
{Heap after GC invocations=104 (full 0):
 garbage-first heap   total 257024K, used 130139K [0x0000000080000000, 0x0000000100000000)
  region size 1024K, 6 young (6144K), 6 survivors (6144K)
 Metaspace       used 120361K, capacity 122966K, committed 123008K, reserved 1157120K
  class space    used 14793K, capacity 15721K, committed 15744K, reserved 1048576K
}
Event: 9726.597 GC heap before
{Heap before GC invocations=104 (full 0):
 garbage-first heap   total 257024K, used 180315K [0x0000000080000000, 0x0000000100000000)
  region size 1024K, 55 young (56320K), 6 survivors (6144K)
 Metaspace       used 122594K, capacity 125206K, committed 125312K, reserved 1159168K
  class space    used 14975K, capacity 15913K, committed 16000K, reserved 1048576K
}
Event: 9726.629 GC heap after
{Heap after GC invocations=105 (full 0):
 garbage-first heap   total 257024K, used 129721K [0x0000000080000000, 0x0000000100000000)
  region size 1024K, 2 young (2048K), 2 survivors (2048K)
 Metaspace       used 122594K, capacity 125206K, committed 125312K, reserved 1159168K
  class space    used 14975K, capacity 15913K, committed 16000K, reserved 1048576K
}
Event: 9734.513 GC heap before
{Heap before GC invocations=106 (full 0):
 garbage-first heap   total 257024K, used 174344K [0x0000000080000000, 0x0000000100000000)
  region size 1024K, 54 young (55296K), 2 survivors (2048K)
 Metaspace       used 124462K, capacity 127035K, committed 127232K, reserved 1161216K
  class space    used 15170K, capacity 16125K, committed 16128K, reserved 1048576K
}
Event: 9734.534 GC heap after
{Heap after GC invocations=107 (full 0):
 garbage-first heap   total 353280K, used 122422K [0x0000000080000000, 0x0000000100000000)
  region size 1024K, 2 young (2048K), 2 survivors (2048K)
 Metaspace       used 124462K, capacity 127035K, committed 127232K, reserved 1161216K
  class space    used 15170K, capacity 16125K, committed 16128K, reserved 1048576K
}
Event: 9739.601 GC heap before
{Heap before GC invocations=107 (full 0):
 garbage-first heap   total 353280K, used 136758K [0x0000000080000000, 0x0000000100000000)
  region size 1024K, 17 young (17408K), 2 survivors (2048K)
 Metaspace       used 124860K, capacity 127444K, committed 127616K, reserved 1161216K
  class space    used 15205K, capacity 16132K, committed 16256K, reserved 1048576K
}
Event: 9739.606 GC heap after
{Heap after GC invocations=108 (full 0):
 garbage-first heap   total 353280K, used 113346K [0x0000000080000000, 0x0000000100000000)
  region size 1024K, 3 young (3072K), 3 survivors (3072K)
 Metaspace       used 124860K, capacity 127444K, committed 127616K, reserved 1161216K
  class space    used 15205K, capacity 16132K, committed 16256K, reserved 1048576K
}
Event: 9747.831 GC heap before
{Heap before GC invocations=108 (full 0):
 garbage-first heap   total 353280K, used 208578K [0x0000000080000000, 0x0000000100000000)
  region size 1024K, 97 young (99328K), 3 survivors (3072K)
 Metaspace       used 125530K, capacity 128102K, committed 128384K, reserved 1161216K
  class space    used 15263K, capacity 16189K, committed 16256K, reserved 1048576K
}
Event: 9747.961 GC heap after
{Heap after GC invocations=109 (full 0):
 garbage-first heap   total 353280K, used 115550K [0x0000000080000000, 0x0000000100000000)
  region size 1024K, 5 young (5120K), 5 survivors (5120K)
 Metaspace       used 125530K, capacity 128102K, committed 128384K, reserved 1161216K
  class space    used 15263K, capacity 16189K, committed 16256K, reserved 1048576K
}
Event: 9757.143 GC heap before
{Heap before GC invocations=110 (full 0):
 garbage-first heap   total 353280K, used 235358K [0x0000000080000000, 0x0000000100000000)
  region size 1024K, 121 young (123904K), 5 survivors (5120K)
 Metaspace       used 128512K, capacity 131352K, committed 131456K, reserved 1163264K
  class space    used 15683K, capacity 16726K, committed 16768K, reserved 1048576K
}
Event: 9757.571 GC heap after
{Heap after GC invocations=111 (full 0):
 garbage-first heap   total 353280K, used 142630K [0x0000000080000000, 0x0000000100000000)
  region size 1024K, 16 young (16384K), 16 survivors (16384K)
 Metaspace       used 128512K, capacity 131352K, committed 131456K, reserved 1163264K
  class space    used 15683K, capacity 16726K, committed 16768K, reserved 1048576K
}
Event: 9757.643 GC heap before
{Heap before GC invocations=111 (full 0):
 garbage-first heap   total 353280K, used 143654K [0x0000000080000000, 0x0000000100000000)
  region size 1024K, 17 young (17408K), 16 survivors (16384K)
 Metaspace       used 128529K, capacity 131352K, committed 131456K, reserved 1163264K
  class space    used 15685K, capacity 16726K, committed 16768K, reserved 1048576K
}
Event: 9757.796 GC heap after
{Heap after GC invocations=112 (full 0):
 garbage-first heap   total 353280K, used 143081K [0x0000000080000000, 0x0000000100000000)
  region size 1024K, 2 young (2048K), 2 survivors (2048K)
 Metaspace       used 128529K, capacity 131352K, committed 131456K, reserved 1163264K
  class space    used 15685K, capacity 16726K, committed 16768K, reserved 1048576K
}
Event: 9758.402 GC heap before
{Heap before GC invocations=112 (full 0):
 garbage-first heap   total 353280K, used 208617K [0x0000000080000000, 0x0000000100000000)
  region size 1024K, 67 young (68608K), 2 survivors (2048K)
 Metaspace       used 129097K, capacity 131928K, committed 132096K, reserved 1165312K
  class space    used 15751K, capacity 16790K, committed 16896K, reserved 1048576K
}
Event: 9758.454 GC heap after
{Heap after GC invocations=113 (full 0):
 garbage-first heap   total 353280K, used 158319K [0x0000000080000000, 0x0000000100000000)
  region size 1024K, 9 young (9216K), 9 survivors (9216K)
 Metaspace       used 129097K, capacity 131928K, committed 132096K, reserved 1165312K
  class space    used 15751K, capacity 16790K, committed 16896K, reserved 1048576K
}
Event: 9759.821 GC heap before
{Heap before GC invocations=114 (full 0):
 garbage-first heap   total 353280K, used 215663K [0x0000000080000000, 0x0000000100000000)
  region size 1024K, 66 young (67584K), 9 survivors (9216K)
 Metaspace       used 130184K, capacity 132996K, committed 133376K, reserved 1165312K
  class space    used 15915K, capacity 16956K, committed 17152K, reserved 1048576K
}
Event: 9760.041 GC heap after
{Heap after GC invocations=115 (full 0):
 garbage-first heap   total 353280K, used 168139K [0x0000000080000000, 0x0000000100000000)
  region size 1024K, 9 young (9216K), 9 survivors (9216K)
 Metaspace       used 130184K, capacity 132996K, committed 133376K, reserved 1165312K
  class space    used 15915K, capacity 16956K, committed 17152K, reserved 1048576K
}
Event: 9761.052 GC heap before
{Heap before GC invocations=115 (full 0):
 garbage-first heap   total 353280K, used 175307K [0x0000000080000000, 0x0000000100000000)
  region size 1024K, 17 young (17408K), 9 survivors (9216K)
 Metaspace       used 131451K, capacity 134408K, committed 134528K, reserved 1167360K
  class space    used 16154K, capacity 17247K, committed 17280K, reserved 1048576K
}

